<?xml version="1.0" encoding="UTF-8"?>
<testng-results ignored="0" total="1" passed="0" failed="1" skipped="0">
  <reporter-output>
    <line>
      <![CDATA[Browser was launched Successfully]]>
    </line>
    <line>
      <![CDATA[userid entered Successfully]]>
    </line>
    <line>
      <![CDATA[Password entered Successfully]]>
    </line>
    <line>
      <![CDATA[Login Successfully]]>
    </line>
    <line>
      <![CDATA[PIN entered Successfully]]>
    </line>
    <line>
      <![CDATA[HomePage Opened Successfully]]>
    </line>
    <line>
      <![CDATA[Actual userid and expected userid matching TC is PASSED]]>
    </line>
    <line>
      <![CDATA[TC is Failed ScreenShot is Taken,Failed TC Name is --verifyUID]]>
    </line>
    <line>
      <![CDATA[Logout Successfully]]>
    </line>
    <line>
      <![CDATA[Browser closed Successfully]]>
    </line>
  </reporter-output>
  <suite started-at="2022-07-07T16:18:40 IST" name="Suite" finished-at="2022-07-07T16:19:14 IST" duration-ms="34064">
    <groups>
    </groups>
    <test started-at="2022-07-07T16:18:40 IST" name="Test" finished-at="2022-07-07T16:19:14 IST" duration-ms="34064">
      <class name="KiteTest.KAuservalidation">
        <test-method is-config="true" signature="browser()[pri:0, instance:KiteTest.KAuservalidation@6fd83fc1]" started-at="2022-07-07T16:18:40 IST" name="browser" finished-at="2022-07-07T16:19:02 IST" duration-ms="22126" status="PASS">
          <reporter-output>
            <line>
              <![CDATA[Browser was launched Successfully]]>
            </line>
          </reporter-output>
        </test-method> <!-- browser -->
        <test-method is-config="true" signature="login()[pri:0, instance:KiteTest.KAuservalidation@6fd83fc1]" started-at="2022-07-07T16:19:02 IST" name="login" finished-at="2022-07-07T16:19:04 IST" duration-ms="1032" status="PASS">
          <reporter-output>
            <line>
              <![CDATA[userid entered Successfully]]>
            </line>
            <line>
              <![CDATA[Password entered Successfully]]>
            </line>
            <line>
              <![CDATA[Login Successfully]]>
            </line>
            <line>
              <![CDATA[PIN entered Successfully]]>
            </line>
            <line>
              <![CDATA[HomePage Opened Successfully]]>
            </line>
          </reporter-output>
        </test-method> <!-- login -->
        <test-method signature="verifyUID()[pri:0, instance:KiteTest.KAuservalidation@6fd83fc1]" started-at="2022-07-07T16:19:04 IST" name="verifyUID" finished-at="2022-07-07T16:19:12 IST" duration-ms="8741" status="FAIL">
          <exception class="java.lang.AssertionError">
            <message>
              <![CDATA[null]]>
            </message>
            <full-stacktrace>
              <![CDATA[java.lang.AssertionError: null
at org.testng.Assert.fail(Assert.java:99)
at org.testng.Assert.fail(Assert.java:106)
at KiteTest.KAuservalidation.verifyUID(KAuservalidation.java:75)
at java.base/jdk.internal.reflect.NativeMethodAccessorImpl.invoke0(Native Method)
at java.base/jdk.internal.reflect.NativeMethodAccessorImpl.invoke(NativeMethodAccessorImpl.java:62)
at java.base/jdk.internal.reflect.DelegatingMethodAccessorImpl.invoke(DelegatingMethodAccessorImpl.java:43)
at java.base/java.lang.reflect.Method.invoke(Method.java:566)
at org.testng.internal.MethodInvocationHelper.invokeMethod(MethodInvocationHelper.java:133)
at org.testng.internal.TestInvoker.invokeMethod(TestInvoker.java:598)
at org.testng.internal.TestInvoker.invokeTestMethod(TestInvoker.java:173)
at org.testng.internal.MethodRunner.runInSequence(MethodRunner.java:46)
at org.testng.internal.TestInvoker$MethodInvocationAgent.invoke(TestInvoker.java:824)
at org.testng.internal.TestInvoker.invokeTestMethods(TestInvoker.java:146)
at org.testng.internal.TestMethodWorker.invokeTestMethods(TestMethodWorker.java:146)
at org.testng.internal.TestMethodWorker.run(TestMethodWorker.java:128)
at java.base/java.util.ArrayList.forEach(ArrayList.java:1541)
at org.testng.TestRunner.privateRun(TestRunner.java:794)
at org.testng.TestRunner.run(TestRunner.java:596)
at org.testng.SuiteRunner.runTest(SuiteRunner.java:377)
at org.testng.SuiteRunner.runSequentially(SuiteRunner.java:371)
at org.testng.SuiteRunner.privateRun(SuiteRunner.java:332)
at org.testng.SuiteRunner.run(SuiteRunner.java:276)
at org.testng.SuiteRunnerWorker.runSuite(SuiteRunnerWorker.java:53)
at org.testng.SuiteRunnerWorker.run(SuiteRunnerWorker.java:96)
at org.testng.TestNG.runSuitesSequentially(TestNG.java:1212)
at org.testng.TestNG.runSuitesLocally(TestNG.java:1134)
at org.testng.TestNG.runSuites(TestNG.java:1063)
at org.testng.TestNG.run(TestNG.java:1031)
at org.testng.remote.AbstractRemoteTestNG.run(AbstractRemoteTestNG.java:115)
at org.testng.remote.RemoteTestNG.initAndRun(RemoteTestNG.java:251)
at org.testng.remote.RemoteTestNG.main(RemoteTestNG.java:77)
]]>
            </full-stacktrace>
          </exception> <!-- java.lang.AssertionError -->
          <reporter-output>
            <line>
              <![CDATA[Actual userid and expected userid matching TC is PASSED]]>
            </line>
            <line>
              <![CDATA[TC is Failed ScreenShot is Taken,Failed TC Name is --verifyUID]]>
            </line>
          </reporter-output>
        </test-method> <!-- verifyUID -->
        <test-method is-config="true" signature="logout()[pri:0, instance:KiteTest.KAuservalidation@6fd83fc1]" started-at="2022-07-07T16:19:13 IST" name="logout" finished-at="2022-07-07T16:19:14 IST" duration-ms="1071" status="PASS">
          <reporter-output>
            <line>
              <![CDATA[Logout Successfully]]>
            </line>
          </reporter-output>
        </test-method> <!-- logout -->
        <test-method is-config="true" signature="Closebrowser()[pri:0, instance:KiteTest.KAuservalidation@6fd83fc1]" started-at="2022-07-07T16:19:14 IST" name="Closebrowser" finished-at="2022-07-07T16:19:14 IST" duration-ms="433" status="PASS">
          <reporter-output>
            <line>
              <![CDATA[Browser closed Successfully]]>
            </line>
          </reporter-output>
        </test-method> <!-- Closebrowser -->
      </class> <!-- KiteTest.KAuservalidation -->
    </test> <!-- Test -->
  </suite> <!-- Suite -->
</testng-results>
